<?xml version="1.0" encoding="UTF-8"?>
<!-- Generated by org.testng.reporters.JUnitXMLReporter -->
<testsuite hostname="NX00308" ignored="0" name="HRMLoginTest.java" tests="6" failures="0" timestamp="2020-02-20T14:42:47 PKT" time="88.815" errors="0">
  <testcase name="test_Home_Page_Appear_Correct" time="3.333" classname="Test.HRMLoginTest"/>
  <testcase name="AddNewSkill" time="25.518" classname="Test.SkillsTest"/>
  <testcase name="RemoveNewSkill" time="4.805" classname="Test.SkillsTest"/>
  <testcase name="NewEventAddition" time="20.909" classname="Test.EventTest"/>
  <testcase name="EditEvent" time="9.818" classname="Test.EventTest"/>
  <testcase name="DeleteEvent" time="2.102" classname="Test.EventTest"/>
</testsuite> <!-- HRMLoginTest.java -->
