<?xml version="1.0" encoding="UTF-8"?>
<!-- Generated by org.testng.reporters.JUnitXMLReporter -->
<testsuite hostname="NX00308" ignored="0" name="SkillsTest" tests="1" failures="1" timestamp="2020-01-17T14:58:42 PKT" time="0.007" errors="0">
  <testcase name="AddNewSkill" time="0.0" classname="Test.SkillsTest">
    <failure type="org.testng.TestNGException" message="
Parameter &amp;apos;Skill&amp;apos; is required by @Test on method AddNewSkill but has not been marked @Optional or defined
in C:\Users\farhan.ahmed\eclipse-workspace\POM Example\Testng.xml">
      <![CDATA[org.testng.TestNGException: 
Parameter 'Skill' is required by @Test on method AddNewSkill but has not been marked @Optional or defined
in C:\Users\farhan.ahmed\eclipse-workspace\POM Example\Testng.xml
at java.util.ArrayList.forEach(Unknown Source)
at java.util.concurrent.FutureTask.run(Unknown Source)
at java.util.concurrent.ThreadPoolExecutor.runWorker(Unknown Source)
at java.util.concurrent.ThreadPoolExecutor$Worker.run(Unknown Source)
at java.lang.Thread.run(Unknown Source)
... Removed 17 stack frames]]>
    </failure>
  </testcase> <!-- AddNewSkill -->
</testsuite> <!-- SkillsTest -->
