<?xml version="1.0" encoding="UTF-8"?>
<!-- Generated by org.testng.reporters.JUnitXMLReporter -->
<testsuite hostname="NX00308" ignored="0" name="SkillsTest.java" tests="1" failures="1" timestamp="2020-01-20T13:17:30 PKT" time="5.018" errors="0">
  <testcase name="AddNewSkill" time="5.008" classname="Test.SkillsTest">
    <failure type="java.lang.NullPointerException">
      <![CDATA[java.lang.NullPointerException
at pages.Skills.clickProfile(Skills.java:32)
at pages.Skills.addNewSkill(Skills.java:84)
at Test.SkillsTest.AddNewSkill(SkillsTest.java:18)
at java.util.ArrayList.forEach(Unknown Source)
at java.util.concurrent.FutureTask.run(Unknown Source)
at java.util.concurrent.ThreadPoolExecutor.runWorker(Unknown Source)
at java.util.concurrent.ThreadPoolExecutor$Worker.run(Unknown Source)
at java.lang.Thread.run(Unknown Source)
... Removed 18 stack frames]]>
    </failure>
  </testcase> <!-- AddNewSkill -->
</testsuite> <!-- SkillsTest.java -->
