<?xml version="1.0" encoding="UTF-8"?>
<!-- Generated by org.testng.reporters.JUnitXMLReporter -->
<testsuite hostname="NX00308" name="HRMLoginTest.java" tests="6" failures="0" timestamp="20 Feb 2020 09:44:01 GMT" time="93.134" errors="0">
  <testcase name="test_Home_Page_Appear_Correct" time="3.793" classname="Test.HRMLoginTest"/>
  <testcase name="AddNewSkill" time="26.249" classname="Test.SkillsTest"/>
  <testcase name="RemoveNewSkill" time="5.016" classname="Test.SkillsTest"/>
  <testcase name="NewEventAddition" time="21.18" classname="Test.EventTest"/>
  <testcase name="EditEvent" time="9.558" classname="Test.EventTest"/>
  <testcase name="DeleteEvent" time="2.097" classname="Test.EventTest"/>
</testsuite> <!-- HRMLoginTest.java -->
